Build started 21/9/2563 21:03:25.
     1>Project "D:\tong\struc\BST\BSTT\BSTT\BSTT.vcxproj" on node 2 (build target(s)).
     1>InitializeBuildStatus:
         Creating "Debug\BSTT.unsuccessfulbuild" because "AlwaysCreate" was specified.
       ClCompile:
         C:\Program Files (x86)\Microsoft Visual Studio 10.0\VC\bin\CL.exe /c /ZI /nologo /W3 /WX- /Od /Oy- /D WIN32 /D _DEBUG /D _CONSOLE /D _UNICODE /D UNICODE /Gm /EHsc /RTC1 /MDd /GS /fp:precise /Zc:wchar_t /Zc:forScope /Fo"Debug\\" /Fd"Debug\vc100.pdb" /Gd /TP /analyze- /errorReport:prompt BST1.cpp
         BST1.cpp
       ManifestResourceCompile:
         All outputs are up-to-date.
       Link:
         C:\Program Files (x86)\Microsoft Visual Studio 10.0\VC\bin\link.exe /ERRORREPORT:PROMPT /OUT:"D:\tong\struc\BST\BSTT\Debug\BSTT.exe" /INCREMENTAL /NOLOGO kernel32.lib user32.lib gdi32.lib winspool.lib comdlg32.lib advapi32.lib shell32.lib ole32.lib oleaut32.lib uuid.lib odbc32.lib odbccp32.lib /MANIFEST /ManifestFile:"Debug\BSTT.exe.intermediate.manifest" /MANIFESTUAC:"level='asInvoker' uiAccess='false'" /DEBUG /PDB:"D:\tong\struc\BST\BSTT\Debug\BSTT.pdb" /SUBSYSTEM:CONSOLE /TLBID:1 /DYNAMICBASE /NXCOMPAT /IMPLIB:"D:\tong\struc\BST\BSTT\Debug\BSTT.lib" /MACHINE:X86 Debug\BSTT.exe.embed.manifest.res
         Debug\BST1.obj
       Manifest:
         C:\Program Files (x86)\Microsoft SDKs\Windows\v7.0A\bin\mt.exe /nologo /verbose /out:"Debug\BSTT.exe.embed.manifest" /manifest Debug\BSTT.exe.intermediate.manifest
         All outputs are up-to-date.
       LinkEmbedManifest:
         All outputs are up-to-date.
         BSTT.vcxproj -> D:\tong\struc\BST\BSTT\Debug\BSTT.exe
       FinalizeBuildStatus:
         Deleting file "Debug\BSTT.unsuccessfulbuild".
         Touching "Debug\BSTT.lastbuildstate".
     1>Done Building Project "D:\tong\struc\BST\BSTT\BSTT\BSTT.vcxproj" (build target(s)).

Build succeeded.

Time Elapsed 00:00:01.56
